Determining if the pthread_create exist failed with the following output:
Change Dir: /evix/rtrlib-0.3.6/CMakeFiles/CMakeTmp

Run Build Command:"/usr/bin/make" "cmTC_08ece/fast"
/usr/bin/make -f CMakeFiles/cmTC_08ece.dir/build.make CMakeFiles/cmTC_08ece.dir/build
make[1]: Entering directory '/evix/rtrlib-0.3.6/CMakeFiles/CMakeTmp'
Building C object CMakeFiles/cmTC_08ece.dir/CheckSymbolExists.c.o
/usr/bin/cc    -Wall -std=gnu99 -fstack-protector-all    -o CMakeFiles/cmTC_08ece.dir/CheckSymbolExists.c.o   -c /evix/rtrlib-0.3.6/CMakeFiles/CMakeTmp/CheckSymbolExists.c
Linking C executable cmTC_08ece
/usr/bin/cmake -E cmake_link_script CMakeFiles/cmTC_08ece.dir/link.txt --verbose=1
/usr/bin/cc   -Wall -std=gnu99 -fstack-protector-all     CMakeFiles/cmTC_08ece.dir/CheckSymbolExists.c.o  -o cmTC_08ece -rdynamic 
CMakeFiles/cmTC_08ece.dir/CheckSymbolExists.c.o: In function `main':
CheckSymbolExists.c:(.text+0x29): undefined reference to `pthread_create'
collect2: error: ld returned 1 exit status
CMakeFiles/cmTC_08ece.dir/build.make:97: recipe for target 'cmTC_08ece' failed
make[1]: *** [cmTC_08ece] Error 1
make[1]: Leaving directory '/evix/rtrlib-0.3.6/CMakeFiles/CMakeTmp'
Makefile:126: recipe for target 'cmTC_08ece/fast' failed
make: *** [cmTC_08ece/fast] Error 2

File /evix/rtrlib-0.3.6/CMakeFiles/CMakeTmp/CheckSymbolExists.c:
/* */
#include <pthread.h>

int main(int argc, char** argv)
{
  (void)argv;
#ifndef pthread_create
  return ((int*)(&pthread_create))[argc];
#else
  (void)argc;
  return 0;
#endif
}

Determining if the function pthread_create exists in the pthreads failed with the following output:
Change Dir: /evix/rtrlib-0.3.6/CMakeFiles/CMakeTmp

Run Build Command:"/usr/bin/make" "cmTC_afa66/fast"
/usr/bin/make -f CMakeFiles/cmTC_afa66.dir/build.make CMakeFiles/cmTC_afa66.dir/build
make[1]: Entering directory '/evix/rtrlib-0.3.6/CMakeFiles/CMakeTmp'
Building C object CMakeFiles/cmTC_afa66.dir/CheckFunctionExists.c.o
/usr/bin/cc    -Wall -std=gnu99 -fstack-protector-all -DCHECK_FUNCTION_EXISTS=pthread_create   -o CMakeFiles/cmTC_afa66.dir/CheckFunctionExists.c.o   -c /usr/share/cmake-3.5/Modules/CheckFunctionExists.c
Linking C executable cmTC_afa66
/usr/bin/cmake -E cmake_link_script CMakeFiles/cmTC_afa66.dir/link.txt --verbose=1
/usr/bin/cc   -Wall -std=gnu99 -fstack-protector-all -DCHECK_FUNCTION_EXISTS=pthread_create    CMakeFiles/cmTC_afa66.dir/CheckFunctionExists.c.o  -o cmTC_afa66 -rdynamic -lpthreads 
/usr/bin/ld: cannot find -lpthreads
collect2: error: ld returned 1 exit status
CMakeFiles/cmTC_afa66.dir/build.make:97: recipe for target 'cmTC_afa66' failed
make[1]: *** [cmTC_afa66] Error 1
make[1]: Leaving directory '/evix/rtrlib-0.3.6/CMakeFiles/CMakeTmp'
Makefile:126: recipe for target 'cmTC_afa66/fast' failed
make: *** [cmTC_afa66/fast] Error 2


